AH00558: apache2: Could not reliably determine the server's fully qualified domain name, using 172.21.0.2. Set the 'ServerName' directive globally to suppress this message
[Sat Jan 30 18:56:40.874123 2021] [mpm_prefork:notice] [pid 9] AH00163: Apache/2.4.38 (Debian) PHP/7.4.14 configured -- resuming normal operations
[Sat Jan 30 18:56:40.874230 2021] [core:notice] [pid 9] AH00094: Command line: '/usr/sbin/apache2 -D FOREGROUND'
[Sat Jan 30 18:57:54.203568 2021] [core:alert] [pid 10] [client 172.21.0.1:48578] /var/www/html/opentask/.htaccess: Invalid command 'RewriteEngine', perhaps misspelled or defined by a module not included in the server configuration
AH00558: apache2: Could not reliably determine the server's fully qualified domain name, using 172.21.0.2. Set the 'ServerName' directive globally to suppress this message
[Sat Jan 30 19:05:20.715716 2021] [mpm_prefork:notice] [pid 8] AH00163: Apache/2.4.38 (Debian) PHP/7.4.14 configured -- resuming normal operations
[Sat Jan 30 19:05:20.716029 2021] [core:notice] [pid 8] AH00094: Command line: '/usr/sbin/apache2 -D FOREGROUND'
[Sat Jan 30 19:05:25.850570 2021] [core:alert] [pid 10] [client 172.21.0.1:48756] /var/www/html/opentask/.htaccess: Invalid command 'RewriteEngine', perhaps misspelled or defined by a module not included in the server configuration
[Sat Jan 30 19:05:26.000494 2021] [core:alert] [pid 9] [client 172.21.0.1:48760] /var/www/html/opentask/.htaccess: Invalid command 'RewriteEngine', perhaps misspelled or defined by a module not included in the server configuration, referer: http://localhost:8080/
[Sat Jan 30 19:05:27.097356 2021] [core:alert] [pid 11] [client 172.21.0.1:48764] /var/www/html/opentask/.htaccess: Invalid command 'RewriteEngine', perhaps misspelled or defined by a module not included in the server configuration
AH00558: apache2: Could not reliably determine the server's fully qualified domain name, using 172.22.0.2. Set the 'ServerName' directive globally to suppress this message
[Sat Jan 30 19:19:39.468791 2021] [mpm_prefork:notice] [pid 9] AH00163: Apache/2.4.38 (Debian) PHP/7.4.14 configured -- resuming normal operations
[Sat Jan 30 19:19:39.468950 2021] [core:notice] [pid 9] AH00094: Command line: '/usr/sbin/apache2 -D FOREGROUND'
AH00558: apache2: Could not reliably determine the server's fully qualified domain name, using 172.22.0.2. Set the 'ServerName' directive globally to suppress this message
[Sat Jan 30 19:20:59.690094 2021] [mpm_prefork:notice] [pid 8] AH00163: Apache/2.4.38 (Debian) PHP/7.4.14 configured -- resuming normal operations
[Sat Jan 30 19:20:59.690200 2021] [core:notice] [pid 8] AH00094: Command line: '/usr/sbin/apache2 -D FOREGROUND'
AH00558: apache2: Could not reliably determine the server's fully qualified domain name, using 172.23.0.2. Set the 'ServerName' directive globally to suppress this message
[Sat Jan 30 19:39:14.420504 2021] [mpm_prefork:notice] [pid 8] AH00163: Apache/2.4.38 (Debian) PHP/7.4.14 configured -- resuming normal operations
[Sat Jan 30 19:39:14.421992 2021] [core:notice] [pid 8] AH00094: Command line: '/usr/sbin/apache2 -D FOREGROUND'
AH00558: apache2: Could not reliably determine the server's fully qualified domain name, using 172.24.0.2. Set the 'ServerName' directive globally to suppress this message
[Sat Jan 30 19:43:46.542879 2021] [mpm_prefork:notice] [pid 9] AH00163: Apache/2.4.38 (Debian) PHP/7.4.14 configured -- resuming normal operations
[Sat Jan 30 19:43:46.543478 2021] [core:notice] [pid 9] AH00094: Command line: '/usr/sbin/apache2 -D FOREGROUND'
AH00558: apache2: Could not reliably determine the server's fully qualified domain name, using 172.24.0.2. Set the 'ServerName' directive globally to suppress this message
[Sat Jan 30 19:47:03.069551 2021] [mpm_prefork:notice] [pid 9] AH00163: Apache/2.4.38 (Debian) PHP/7.4.14 configured -- resuming normal operations
[Sat Jan 30 19:47:03.069768 2021] [core:notice] [pid 9] AH00094: Command line: '/usr/sbin/apache2 -D FOREGROUND'
AH00558: apache2: Could not reliably determine the server's fully qualified domain name, using 172.25.0.2. Set the 'ServerName' directive globally to suppress this message
[Sat Jan 30 19:47:42.933682 2021] [mpm_prefork:notice] [pid 9] AH00163: Apache/2.4.38 (Debian) PHP/7.4.14 configured -- resuming normal operations
[Sat Jan 30 19:47:42.933786 2021] [core:notice] [pid 9] AH00094: Command line: '/usr/sbin/apache2 -D FOREGROUND'
AH00558: apache2: Could not reliably determine the server's fully qualified domain name, using 172.25.0.2. Set the 'ServerName' directive globally to suppress this message
[Sat Jan 30 20:16:19.486155 2021] [mpm_prefork:notice] [pid 9] AH00163: Apache/2.4.38 (Debian) PHP/7.4.14 configured -- resuming normal operations
[Sat Jan 30 20:16:19.487257 2021] [core:notice] [pid 9] AH00094: Command line: '/usr/sbin/apache2 -D FOREGROUND'
AH00558: apache2: Could not reliably determine the server's fully qualified domain name, using 172.25.0.2. Set the 'ServerName' directive globally to suppress this message
[Sat Jan 30 20:44:50.322200 2021] [mpm_prefork:notice] [pid 10] AH00163: Apache/2.4.38 (Debian) PHP/7.4.14 configured -- resuming normal operations
[Sat Jan 30 20:44:50.322602 2021] [core:notice] [pid 10] AH00094: Command line: '/usr/sbin/apache2 -D FOREGROUND'
AH00558: apache2: Could not reliably determine the server's fully qualified domain name, using 172.25.0.2. Set the 'ServerName' directive globally to suppress this message
[Sat Jan 30 20:47:07.496580 2021] [mpm_prefork:notice] [pid 9] AH00163: Apache/2.4.38 (Debian) PHP/7.4.14 configured -- resuming normal operations
[Sat Jan 30 20:47:07.497975 2021] [core:notice] [pid 9] AH00094: Command line: '/usr/sbin/apache2 -D FOREGROUND'
AH00558: apache2: Could not reliably determine the server's fully qualified domain name, using 172.25.0.2. Set the 'ServerName' directive globally to suppress this message
[Sat Jan 30 20:49:36.964469 2021] [mpm_prefork:notice] [pid 8] AH00163: Apache/2.4.38 (Debian) PHP/7.4.14 configured -- resuming normal operations
[Sat Jan 30 20:49:36.964633 2021] [core:notice] [pid 8] AH00094: Command line: '/usr/sbin/apache2 -D FOREGROUND'
AH00558: apache2: Could not reliably determine the server's fully qualified domain name, using 172.25.0.2. Set the 'ServerName' directive globally to suppress this message
[Sat Jan 30 21:13:48.057433 2021] [mpm_prefork:notice] [pid 8] AH00163: Apache/2.4.38 (Debian) PHP/7.4.14 configured -- resuming normal operations
[Sat Jan 30 21:13:48.057939 2021] [core:notice] [pid 8] AH00094: Command line: '/usr/sbin/apache2 -D FOREGROUND'
AH00558: apache2: Could not reliably determine the server's fully qualified domain name, using 172.26.0.2. Set the 'ServerName' directive globally to suppress this message
[Sat Jan 30 21:23:02.771789 2021] [mpm_prefork:notice] [pid 9] AH00163: Apache/2.4.38 (Debian) PHP/7.4.14 configured -- resuming normal operations
[Sat Jan 30 21:23:02.771954 2021] [core:notice] [pid 9] AH00094: Command line: '/usr/sbin/apache2 -D FOREGROUND'
AH00558: apache2: Could not reliably determine the server's fully qualified domain name, using 172.27.0.2. Set the 'ServerName' directive globally to suppress this message
[Sat Jan 30 21:31:22.627985 2021] [mpm_prefork:notice] [pid 9] AH00163: Apache/2.4.38 (Debian) PHP/7.4.14 configured -- resuming normal operations
[Sat Jan 30 21:31:22.628486 2021] [core:notice] [pid 9] AH00094: Command line: '/usr/sbin/apache2 -D FOREGROUND'
AH00558: apache2: Could not reliably determine the server's fully qualified domain name, using 172.28.0.2. Set the 'ServerName' directive globally to suppress this message
[Sat Jan 30 21:32:30.389583 2021] [mpm_prefork:notice] [pid 8] AH00163: Apache/2.4.38 (Debian) PHP/7.4.14 configured -- resuming normal operations
[Sat Jan 30 21:32:30.389828 2021] [core:notice] [pid 8] AH00094: Command line: '/usr/sbin/apache2 -D FOREGROUND'
AH00558: apache2: Could not reliably determine the server's fully qualified domain name, using 172.29.0.2. Set the 'ServerName' directive globally to suppress this message
[Sat Jan 30 21:34:45.749938 2021] [mpm_prefork:notice] [pid 10] AH00163: Apache/2.4.38 (Debian) PHP/7.4.14 configured -- resuming normal operations
[Sat Jan 30 21:34:45.750658 2021] [core:notice] [pid 10] AH00094: Command line: '/usr/sbin/apache2 -D FOREGROUND'
AH00558: apache2: Could not reliably determine the server's fully qualified domain name, using 172.30.0.2. Set the 'ServerName' directive globally to suppress this message
[Sat Jan 30 21:36:04.510317 2021] [mpm_prefork:notice] [pid 9] AH00163: Apache/2.4.38 (Debian) PHP/7.4.14 configured -- resuming normal operations
[Sat Jan 30 21:36:04.511039 2021] [core:notice] [pid 9] AH00094: Command line: '/usr/sbin/apache2 -D FOREGROUND'
AH00558: apache2: Could not reliably determine the server's fully qualified domain name, using 172.31.0.2. Set the 'ServerName' directive globally to suppress this message
[Sat Jan 30 21:39:38.023508 2021] [mpm_prefork:notice] [pid 8] AH00163: Apache/2.4.38 (Debian) PHP/7.4.14 configured -- resuming normal operations
[Sat Jan 30 21:39:38.023958 2021] [core:notice] [pid 8] AH00094: Command line: '/usr/sbin/apache2 -D FOREGROUND'
AH00558: apache2: Could not reliably determine the server's fully qualified domain name, using 192.168.0.2. Set the 'ServerName' directive globally to suppress this message
[Sat Jan 30 21:57:11.963303 2021] [mpm_prefork:notice] [pid 9] AH00163: Apache/2.4.38 (Debian) PHP/7.4.14 configured -- resuming normal operations
[Sat Jan 30 21:57:11.963411 2021] [core:notice] [pid 9] AH00094: Command line: '/usr/sbin/apache2 -D FOREGROUND'
AH00558: apache2: Could not reliably determine the server's fully qualified domain name, using 192.168.32.2. Set the 'ServerName' directive globally to suppress this message
[Sat Jan 30 21:59:59.469748 2021] [mpm_prefork:notice] [pid 8] AH00163: Apache/2.4.38 (Debian) PHP/7.4.14 configured -- resuming normal operations
[Sat Jan 30 21:59:59.470678 2021] [core:notice] [pid 8] AH00094: Command line: '/usr/sbin/apache2 -D FOREGROUND'
AH00558: apache2: Could not reliably determine the server's fully qualified domain name, using 192.168.48.2. Set the 'ServerName' directive globally to suppress this message
[Sat Jan 30 22:07:36.342934 2021] [mpm_prefork:notice] [pid 8] AH00163: Apache/2.4.38 (Debian) PHP/7.4.14 configured -- resuming normal operations
[Sat Jan 30 22:07:36.343049 2021] [core:notice] [pid 8] AH00094: Command line: '/usr/sbin/apache2 -D FOREGROUND'
AH00558: apache2: Could not reliably determine the server's fully qualified domain name, using 192.168.48.2. Set the 'ServerName' directive globally to suppress this message
[Sat Jan 30 22:08:26.792133 2021] [core:warn] [pid 8] AH00098: pid file /var/run/apache2/apache2.pid overwritten -- Unclean shutdown of previous Apache run?
[Sat Jan 30 22:08:26.797844 2021] [mpm_prefork:notice] [pid 8] AH00163: Apache/2.4.38 (Debian) PHP/7.4.14 configured -- resuming normal operations
[Sat Jan 30 22:08:26.797918 2021] [core:notice] [pid 8] AH00094: Command line: '/usr/sbin/apache2 -D FOREGROUND'
AH00558: apache2: Could not reliably determine the server's fully qualified domain name, using 192.168.48.2. Set the 'ServerName' directive globally to suppress this message
[Sat Jan 30 22:09:13.839912 2021] [core:warn] [pid 9] AH00098: pid file /var/run/apache2/apache2.pid overwritten -- Unclean shutdown of previous Apache run?
[Sat Jan 30 22:09:13.844266 2021] [mpm_prefork:notice] [pid 9] AH00163: Apache/2.4.38 (Debian) PHP/7.4.14 configured -- resuming normal operations
[Sat Jan 30 22:09:13.845421 2021] [core:notice] [pid 9] AH00094: Command line: '/usr/sbin/apache2 -D FOREGROUND'
AH00558: apache2: Could not reliably determine the server's fully qualified domain name, using 192.168.64.2. Set the 'ServerName' directive globally to suppress this message
[Sat Jan 30 22:10:01.530634 2021] [mpm_prefork:notice] [pid 9] AH00163: Apache/2.4.38 (Debian) PHP/7.4.14 configured -- resuming normal operations
[Sat Jan 30 22:10:01.530751 2021] [core:notice] [pid 9] AH00094: Command line: '/usr/sbin/apache2 -D FOREGROUND'
AH00558: apache2: Could not reliably determine the server's fully qualified domain name, using 192.168.80.2. Set the 'ServerName' directive globally to suppress this message
[Sat Jan 30 22:12:10.949645 2021] [mpm_prefork:notice] [pid 9] AH00163: Apache/2.4.38 (Debian) PHP/7.4.14 configured -- resuming normal operations
[Sat Jan 30 22:12:10.952855 2021] [core:notice] [pid 9] AH00094: Command line: '/usr/sbin/apache2 -D FOREGROUND'
AH00558: apache2: Could not reliably determine the server's fully qualified domain name, using 192.168.96.2. Set the 'ServerName' directive globally to suppress this message
[Sat Jan 30 22:16:40.545491 2021] [mpm_prefork:notice] [pid 8] AH00163: Apache/2.4.38 (Debian) PHP/7.4.14 configured -- resuming normal operations
[Sat Jan 30 22:16:40.545647 2021] [core:notice] [pid 8] AH00094: Command line: '/usr/sbin/apache2 -D FOREGROUND'
AH00558: apache2: Could not reliably determine the server's fully qualified domain name, using 192.168.112.2. Set the 'ServerName' directive globally to suppress this message
[Sat Jan 30 22:17:56.185063 2021] [mpm_prefork:notice] [pid 10] AH00163: Apache/2.4.38 (Debian) PHP/7.4.14 configured -- resuming normal operations
[Sat Jan 30 22:17:56.186133 2021] [core:notice] [pid 10] AH00094: Command line: '/usr/sbin/apache2 -D FOREGROUND'
AH00558: apache2: Could not reliably determine the server's fully qualified domain name, using 192.168.128.2. Set the 'ServerName' directive globally to suppress this message
[Sat Jan 30 22:27:08.070443 2021] [mpm_prefork:notice] [pid 8] AH00163: Apache/2.4.38 (Debian) PHP/7.4.14 configured -- resuming normal operations
[Sat Jan 30 22:27:08.070533 2021] [core:notice] [pid 8] AH00094: Command line: '/usr/sbin/apache2 -D FOREGROUND'
AH00558: apache2: Could not reliably determine the server's fully qualified domain name, using 192.168.144.2. Set the 'ServerName' directive globally to suppress this message
[Sat Jan 30 22:52:01.814824 2021] [mpm_prefork:notice] [pid 8] AH00163: Apache/2.4.38 (Debian) PHP/7.4.14 configured -- resuming normal operations
[Sat Jan 30 22:52:01.814909 2021] [core:notice] [pid 8] AH00094: Command line: '/usr/sbin/apache2 -D FOREGROUND'
